     Creating library C:\Users\Geisiane Pires\Documents\03. RENAN\Seneca College - Renan\SFT\Workshop\workshop3\x64\Debug\UnitTest-workshop3.lib and object C:\Users\Geisiane Pires\Documents\03. RENAN\Seneca College - Renan\SFT\Workshop\workshop3\x64\Debug\UnitTest-workshop3.exp
UnitTest-workshop3.obj : error LNK2019: unresolved external symbol "int __cdecl checkAddress(char *)" (?checkAddress@@YAHPEAD@Z) referenced in function "private: void __cdecl UnitTestworkshop3::testingAddress::InvalidAddress_Empty(void)" (?InvalidAddress_Empty@testingAddress@UnitTestworkshop3@@AEAAXXZ)
UnitTest-workshop3.obj : error LNK2019: unresolved external symbol "int __cdecl checkPostalCode(char *)" (?checkPostalCode@@YAHPEAD@Z) referenced in function "public: void __cdecl UnitTestworkshop3::testingPostalCode::InvalidPostalCode_Empty(void)" (?InvalidPostalCode_Empty@testingPostalCode@UnitTestworkshop3@@QEAAXXZ)
C:\Users\Geisiane Pires\Documents\03. RENAN\Seneca College - Renan\SFT\Workshop\workshop3\x64\Debug\UnitTest-workshop3.dll : fatal error LNK1120: 2 unresolved externals
